[debug] [2023-11-22T20:53:09.984Z] ----------------------------------------------------------------------
[debug] [2023-11-22T20:53:09.986Z] Command:       C:\Program Files\nodejs\node.exe C:\Users\aoosm\AppData\Roaming\npm\node_modules\firebase-tools\lib\bin\firebase.js init
[debug] [2023-11-22T20:53:09.986Z] CLI Version:   12.9.1
[debug] [2023-11-22T20:53:09.987Z] Platform:      win32
[debug] [2023-11-22T20:53:09.987Z] Node Version:  v18.18.2
[debug] [2023-11-22T20:53:09.988Z] Time:          Wed Nov 22 2023 22:53:09 GMT+0200 (Eastern European Standard Time)
[debug] [2023-11-22T20:53:09.988Z] ----------------------------------------------------------------------
[debug] 
[debug] [2023-11-22T20:53:09.994Z] > command requires scopes: ["email","openid","https://www.googleapis.com/auth/cloudplatformprojects.readonly","https://www.googleapis.com/auth/firebase","https://www.googleapis.com/auth/cloud-platform"]
[debug] [2023-11-22T20:53:09.994Z] > authorizing via signed-in user (attaali8@gmail.com)
[info] 
     ######## #### ########  ######## ########     ###     ######  ########
     ##        ##  ##     ## ##       ##     ##  ##   ##  ##       ##
     ######    ##  ########  ######   ########  #########  ######  ######
     ##        ##  ##    ##  ##       ##     ## ##     ##       ## ##
     ##       #### ##     ## ######## ########  ##     ##  ######  ########

You're about to initialize a Firebase project in this directory:

  F:\Jobs Tasks\anyware.software\task-frontend

[info] 
=== Project Setup
[info] 
[info] First, let's associate this project directory with a Firebase project.
[info] You can create multiple project aliases by running firebase use --add, 
[info] but for now we'll just set up a default project.
[info] 
[debug] [2023-11-22T20:53:18.763Z] >>> [apiv2][query] GET https://firebase.googleapis.com/v1beta1/projects pageSize=100
[debug] [2023-11-22T20:53:20.061Z] <<< [apiv2][status] GET https://firebase.googleapis.com/v1beta1/projects 200
[debug] [2023-11-22T20:53:20.062Z] <<< [apiv2][body] GET https://firebase.googleapis.com/v1beta1/projects [omitted]
[info] i  Using project task-frontend-anyware (task-frontend-anyware) 
[info] 
=== Hosting Setup
[debug] [2023-11-22T20:53:29.896Z] >>> [apiv2][query] GET https://firebase.googleapis.com/v1beta1/projects/task-frontend-anyware [none]
[debug] [2023-11-22T20:53:30.264Z] <<< [apiv2][status] GET https://firebase.googleapis.com/v1beta1/projects/task-frontend-anyware 200
[debug] [2023-11-22T20:53:30.264Z] <<< [apiv2][body] GET https://firebase.googleapis.com/v1beta1/projects/task-frontend-anyware {"projectId":"task-frontend-anyware","projectNumber":"100082782598","displayName":"task-frontend-anyware","name":"projects/task-frontend-anyware","resources":{"hostingSite":"task-frontend-anyware"},"state":"ACTIVE","etag":"1_50948cc2-56b4-46cc-8396-4306a2650f0b"}
[info] 
[info] Your public directory is the folder (relative to your project directory) that
[info] will contain Hosting assets to be uploaded with firebase deploy. If you
[info] have a build process for your assets, use your build's output directory.
[info] 
[debug] [2023-11-22T20:56:32.927Z] >>> [apiv2][query] GET https://www.gstatic.com/firebasejs/releases.json [none]
[debug] [2023-11-22T20:56:33.198Z] <<< [apiv2][status] GET https://www.gstatic.com/firebasejs/releases.json 200
[debug] [2023-11-22T20:56:33.199Z] <<< [apiv2][body] GET https://www.gstatic.com/firebasejs/releases.json {"current":{"version":"10.6.0","browserURL":"https://www.gstatic.com/firebasejs/10.6.0/firebase.js","packageURL":"https://www.gstatic.com/firebasejs/10.6.0/firebase.tgz"},"live":{"version":"10.6","browserURL":"https://www.gstatic.com/firebasejs/live/10.6/firebase.js","packageURL":"https://www.gstatic.com/firebasejs/live/10.6/firebase.tgz"},"components":{"analytics":"https://www.gstatic.com/firebasejs/10.6.0/firebase-analytics.js","app":"https://www.gstatic.com/firebasejs/10.6.0/firebase-app.js","app-check":"https://www.gstatic.com/firebasejs/10.6.0/firebase-app-check.js","auth":"https://www.gstatic.com/firebasejs/10.6.0/firebase-auth.js","auth/cordova":"https://www.gstatic.com/firebasejs/10.6.0/firebase-auth/cordova.js","functions":"https://www.gstatic.com/firebasejs/10.6.0/firebase-functions.js","firestore":"https://www.gstatic.com/firebasejs/10.6.0/firebase-firestore.js","firestore/lite":"https://www.gstatic.com/firebasejs/10.6.0/firebase-firestore/lite.js","installations":"https://www.gstatic.com/firebasejs/10.6.0/firebase-installations.js","storage":"https://www.gstatic.com/firebasejs/10.6.0/firebase-storage.js","performance":"https://www.gstatic.com/firebasejs/10.6.0/firebase-performance.js","remote-config":"https://www.gstatic.com/firebasejs/10.6.0/firebase-remote-config.js","messaging":"https://www.gstatic.com/firebasejs/10.6.0/firebase-messaging.js","messaging/sw":"https://www.gstatic.com/firebasejs/10.6.0/firebase-messaging/sw.js","database":"https://www.gstatic.com/firebasejs/10.6.0/firebase-database.js","firestore.memory":"https://www.gstatic.com/firebasejs/10.6.0/firebase-firestore.memory.js"}}
[info] i  Skipping write of build/index.html 
[info] 
[info] i  Detected a .git folder at F:\Jobs Tasks\anyware.software\task-frontend 
[info] i  Authorizing with GitHub to upload your service account to a GitHub repository's secrets store. 
[info] 
[info] Visit this URL on this device to log in:
[info] https://github.com/login/oauth/authorize?client_id=89cf50f02ac6aaed3484&state=680035565&redirect_uri=http%3A%2F%2Flocalhost%3A9005&scope=read%3Auser%20repo%20public_repo
[info] 
[info] Waiting for authentication...
[debug] [2023-11-22T20:56:51.590Z] >>> [apiv2][query] POST https://github.com/login/oauth/access_token [none]
[debug] [2023-11-22T20:56:51.590Z] >>> [apiv2][body] POST https://github.com/login/oauth/access_token [stream]
[debug] [2023-11-22T20:56:52.066Z] <<< [apiv2][status] POST https://github.com/login/oauth/access_token 200
[debug] [2023-11-22T20:56:52.067Z] <<< [apiv2][body] POST https://github.com/login/oauth/access_token {"access_token":"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","token_type":"bearer","scope":"read:user,repo"}
[debug] [2023-11-22T20:56:52.079Z] >>> [apiv2][query] GET https://api.github.com/user [none]
[debug] [2023-11-22T20:56:52.544Z] <<< [apiv2][status] GET https://api.github.com/user 200
[debug] [2023-11-22T20:56:52.545Z] <<< [apiv2][body] GET https://api.github.com/user {"login":"ahmedoothman","id":52932230,"node_id":"MDQ6VXNlcjUyOTMyMjMw","avatar_url":"https://avatars.githubusercontent.com/u/52932230?v=4","gravatar_id":"","url":"https://api.github.com/users/ahmedoothman","html_url":"https://github.com/ahmedoothman","followers_url":"https://api.github.com/users/ahmedoothman/followers","following_url":"https://api.github.com/users/ahmedoothman/following{/other_user}","gists_url":"https://api.github.com/users/ahmedoothman/gists{/gist_id}","starred_url":"https://api.github.com/users/ahmedoothman/starred{/owner}{/repo}","subscriptions_url":"https://api.github.com/users/ahmedoothman/subscriptions","organizations_url":"https://api.github.com/users/ahmedoothman/orgs","repos_url":"https://api.github.com/users/ahmedoothman/repos","events_url":"https://api.github.com/users/ahmedoothman/events{/privacy}","received_events_url":"https://api.github.com/users/ahmedoothman/received_events","type":"User","site_admin":false,"name":"Ahmed Othman","company":null,"blog":"","location":"Cairo","email":null,"hireable":null,"bio":"Computer Engineer","twitter_username":null,"public_repos":22,"public_gists":0,"followers":9,"following":4,"created_at":"2019-07-15T18:01:34Z","updated_at":"2023-11-20T20:01:00Z","private_gists":2,"total_private_repos":30,"owned_private_repos":30,"disk_usage":355951,"collaborators":7,"two_factor_authentication":false,"plan":{"name":"pro","space":976562499,"collaborators":0,"private_repos":9999}}
[info] 
[info] +  Success! Logged into GitHub as ahmedoothman 
[info] 
